2015-05-20 22:05:59.250 [LWJGL Application] INFO  com.dean.spaceclone.SpaceClone - Game has been started.
2015-05-20 22:05:59.303 [LWJGL Application] WARN  com.dean.spaceclone.SpaceClone - Warning, problem loading the settings! Setting game settings to default.
2015-05-20 22:05:59.303 [LWJGL Application] WARN  com.dean.spaceclone.SpaceClone - javax.xml.bind.UnmarshalException
 - with linked exception:
[java.io.FileNotFoundException: D:\SpaceInvaderClone\desktop\resources\GameSettings.xml (The system cannot find the path specified)]
2015-05-20 22:05:59.303 [LWJGL Application] DEBUG com.dean.spaceclone.SpaceClone - Default settings loaded.
defenderBulletSpeed : 4.0
defenderSpeed : 2.0
invaderMovesPerSec : 0.25
probablityInvaderShooting : 5.0E-4
invaderBulletSpeed : -2.0
2015-05-20 22:05:59.306 [LWJGL Application] DEBUG com.dean.spaceclone.SpaceClone - Effective viewport width x height set to : 500.0 x 300.0
2015-05-20 22:05:59.306 [LWJGL Application] DEBUG com.dean.spaceclone.SpaceClone - Left boundary set to X : 300.0
2015-05-20 22:05:59.306 [LWJGL Application] DEBUG com.dean.spaceclone.SpaceClone - Right boundary set to X : 700.0
2015-05-20 22:05:59.307 [LWJGL Application] DEBUG com.dean.spaceclone.SpaceClone - Ceiling boundary set to Y : 450.0
2015-05-20 22:05:59.307 [LWJGL Application] DEBUG com.dean.spaceclone.SpaceClone - Invader Floor boundary set to Y : 200.0
2015-05-20 22:05:59.307 [LWJGL Application] DEBUG com.dean.spaceclone.SpaceClone - Floor boundary set to Y : 0.0
2015-05-20 22:05:59.317 [LWJGL Application] DEBUG com.dean.spaceclone.SpaceClone - Defender created at x,y : 489.0,158.0
2015-05-20 22:05:59.318 [LWJGL Application] DEBUG com.dean.spaceclone.SpaceClone - Invader created at x,y : 396,300
2015-05-20 22:05:59.318 [LWJGL Application] DEBUG com.dean.spaceclone.SpaceClone - Invader created at x,y : 415,300
2015-05-20 22:05:59.318 [LWJGL Application] DEBUG com.dean.spaceclone.SpaceClone - Invader created at x,y : 434,300
2015-05-20 22:05:59.318 [LWJGL Application] DEBUG com.dean.spaceclone.SpaceClone - Invader created at x,y : 453,300
2015-05-20 22:05:59.318 [LWJGL Application] DEBUG com.dean.spaceclone.SpaceClone - Invader created at x,y : 472,300
2015-05-20 22:05:59.318 [LWJGL Application] DEBUG com.dean.spaceclone.SpaceClone - Invader created at x,y : 491,300
2015-05-20 22:05:59.318 [LWJGL Application] DEBUG com.dean.spaceclone.SpaceClone - Invader created at x,y : 510,300
2015-05-20 22:05:59.318 [LWJGL Application] DEBUG com.dean.spaceclone.SpaceClone - Invader created at x,y : 529,300
2015-05-20 22:05:59.318 [LWJGL Application] DEBUG com.dean.spaceclone.SpaceClone - Invader created at x,y : 548,300
2015-05-20 22:05:59.318 [LWJGL Application] DEBUG com.dean.spaceclone.SpaceClone - Invader created at x,y : 567,300
2015-05-20 22:05:59.318 [LWJGL Application] DEBUG com.dean.spaceclone.SpaceClone - Invader created at x,y : 586,300
2015-05-20 22:05:59.318 [LWJGL Application] DEBUG com.dean.spaceclone.SpaceClone - Invader created at x,y : 396,319
2015-05-20 22:05:59.318 [LWJGL Application] DEBUG com.dean.spaceclone.SpaceClone - Invader created at x,y : 415,319
2015-05-20 22:05:59.318 [LWJGL Application] DEBUG com.dean.spaceclone.SpaceClone - Invader created at x,y : 434,319
2015-05-20 22:05:59.319 [LWJGL Application] DEBUG com.dean.spaceclone.SpaceClone - Invader created at x,y : 453,319
2015-05-20 22:05:59.319 [LWJGL Application] DEBUG com.dean.spaceclone.SpaceClone - Invader created at x,y : 472,319
2015-05-20 22:05:59.319 [LWJGL Application] DEBUG com.dean.spaceclone.SpaceClone - Invader created at x,y : 491,319
2015-05-20 22:05:59.319 [LWJGL Application] DEBUG com.dean.spaceclone.SpaceClone - Invader created at x,y : 510,319
2015-05-20 22:05:59.319 [LWJGL Application] DEBUG com.dean.spaceclone.SpaceClone - Invader created at x,y : 529,319
2015-05-20 22:05:59.319 [LWJGL Application] DEBUG com.dean.spaceclone.SpaceClone - Invader created at x,y : 548,319
2015-05-20 22:05:59.319 [LWJGL Application] DEBUG com.dean.spaceclone.SpaceClone - Invader created at x,y : 567,319
2015-05-20 22:05:59.319 [LWJGL Application] DEBUG com.dean.spaceclone.SpaceClone - Invader created at x,y : 586,319
2015-05-20 22:05:59.319 [LWJGL Application] DEBUG com.dean.spaceclone.SpaceClone - Invader created at x,y : 396,338
2015-05-20 22:05:59.319 [LWJGL Application] DEBUG com.dean.spaceclone.SpaceClone - Invader created at x,y : 415,338
2015-05-20 22:05:59.319 [LWJGL Application] DEBUG com.dean.spaceclone.SpaceClone - Invader created at x,y : 434,338
2015-05-20 22:05:59.319 [LWJGL Application] DEBUG com.dean.spaceclone.SpaceClone - Invader created at x,y : 453,338
2015-05-20 22:05:59.319 [LWJGL Application] DEBUG com.dean.spaceclone.SpaceClone - Invader created at x,y : 472,338
2015-05-20 22:05:59.319 [LWJGL Application] DEBUG com.dean.spaceclone.SpaceClone - Invader created at x,y : 491,338
2015-05-20 22:05:59.319 [LWJGL Application] DEBUG com.dean.spaceclone.SpaceClone - Invader created at x,y : 510,338
2015-05-20 22:05:59.319 [LWJGL Application] DEBUG com.dean.spaceclone.SpaceClone - Invader created at x,y : 529,338
2015-05-20 22:05:59.319 [LWJGL Application] DEBUG com.dean.spaceclone.SpaceClone - Invader created at x,y : 548,338
2015-05-20 22:05:59.319 [LWJGL Application] DEBUG com.dean.spaceclone.SpaceClone - Invader created at x,y : 567,338
2015-05-20 22:05:59.320 [LWJGL Application] DEBUG com.dean.spaceclone.SpaceClone - Invader created at x,y : 586,338
2015-05-20 22:05:59.320 [LWJGL Application] DEBUG com.dean.spaceclone.SpaceClone - Invader created at x,y : 396,357
2015-05-20 22:05:59.320 [LWJGL Application] DEBUG com.dean.spaceclone.SpaceClone - Invader created at x,y : 415,357
2015-05-20 22:05:59.320 [LWJGL Application] DEBUG com.dean.spaceclone.SpaceClone - Invader created at x,y : 434,357
2015-05-20 22:05:59.320 [LWJGL Application] DEBUG com.dean.spaceclone.SpaceClone - Invader created at x,y : 453,357
2015-05-20 22:05:59.320 [LWJGL Application] DEBUG com.dean.spaceclone.SpaceClone - Invader created at x,y : 472,357
2015-05-20 22:05:59.320 [LWJGL Application] DEBUG com.dean.spaceclone.SpaceClone - Invader created at x,y : 491,357
2015-05-20 22:05:59.320 [LWJGL Application] DEBUG com.dean.spaceclone.SpaceClone - Invader created at x,y : 510,357
2015-05-20 22:05:59.320 [LWJGL Application] DEBUG com.dean.spaceclone.SpaceClone - Invader created at x,y : 529,357
2015-05-20 22:05:59.320 [LWJGL Application] DEBUG com.dean.spaceclone.SpaceClone - Invader created at x,y : 548,357
2015-05-20 22:05:59.320 [LWJGL Application] DEBUG com.dean.spaceclone.SpaceClone - Invader created at x,y : 567,357
2015-05-20 22:05:59.320 [LWJGL Application] DEBUG com.dean.spaceclone.SpaceClone - Invader created at x,y : 586,357
2015-05-20 22:05:59.320 [LWJGL Application] DEBUG com.dean.spaceclone.SpaceClone - Invader created at x,y : 396,376
2015-05-20 22:05:59.320 [LWJGL Application] DEBUG com.dean.spaceclone.SpaceClone - Invader created at x,y : 415,376
2015-05-20 22:05:59.320 [LWJGL Application] DEBUG com.dean.spaceclone.SpaceClone - Invader created at x,y : 434,376
2015-05-20 22:05:59.320 [LWJGL Application] DEBUG com.dean.spaceclone.SpaceClone - Invader created at x,y : 453,376
2015-05-20 22:05:59.320 [LWJGL Application] DEBUG com.dean.spaceclone.SpaceClone - Invader created at x,y : 472,376
2015-05-20 22:05:59.320 [LWJGL Application] DEBUG com.dean.spaceclone.SpaceClone - Invader created at x,y : 491,376
2015-05-20 22:05:59.320 [LWJGL Application] DEBUG com.dean.spaceclone.SpaceClone - Invader created at x,y : 510,376
2015-05-20 22:05:59.320 [LWJGL Application] DEBUG com.dean.spaceclone.SpaceClone - Invader created at x,y : 529,376
2015-05-20 22:05:59.321 [LWJGL Application] DEBUG com.dean.spaceclone.SpaceClone - Invader created at x,y : 548,376
2015-05-20 22:05:59.321 [LWJGL Application] DEBUG com.dean.spaceclone.SpaceClone - Invader created at x,y : 567,376
2015-05-20 22:05:59.321 [LWJGL Application] DEBUG com.dean.spaceclone.SpaceClone - Invader created at x,y : 586,376
2015-05-20 22:05:59.387 [LWJGL Application] DEBUG com.dean.spaceclone.SpaceClone - Starting x block pos : 324.0
2015-05-20 22:05:59.387 [LWJGL Application] DEBUG com.dean.spaceclone.SpaceClone - Starting y block pos : 200.0
2015-05-20 22:05:59.387 [LWJGL Application] DEBUG com.dean.spaceclone.SpaceClone - Gap between blocks : 94.0
2015-05-20 22:05:59.399 [LWJGL Application] DEBUG com.dean.spaceclone.controls.StandardControls - Right key press detected
2015-05-20 22:05:59.400 [LWJGL Application] DEBUG com.dean.spaceclone.SpaceClone - Defender trying to move right
2015-05-20 22:05:59.411 [LWJGL Application] DEBUG com.dean.spaceclone.SpaceClone - Defender trying to move right
2015-05-20 22:05:59.435 [LWJGL Application] DEBUG com.dean.spaceclone.SpaceClone - Defender trying to move right
2015-05-20 22:05:59.445 [LWJGL Application] DEBUG com.dean.spaceclone.SpaceClone - Defender trying to move right
2015-05-20 22:05:59.460 [LWJGL Application] DEBUG com.dean.spaceclone.SpaceClone - Defender trying to move right
2015-05-20 22:05:59.477 [LWJGL Application] DEBUG com.dean.spaceclone.SpaceClone - Defender trying to move right
2015-05-20 22:05:59.494 [LWJGL Application] DEBUG com.dean.spaceclone.SpaceClone - Defender trying to move right
2015-05-20 22:05:59.510 [LWJGL Application] DEBUG com.dean.spaceclone.controls.StandardControls - Right key no longer being pressed
2015-05-20 22:05:59.694 [LWJGL Application] DEBUG com.dean.spaceclone.controls.StandardControls - Left key press detected
2015-05-20 22:05:59.694 [LWJGL Application] DEBUG com.dean.spaceclone.SpaceClone - Defender trying to move left
2015-05-20 22:05:59.710 [LWJGL Application] DEBUG com.dean.spaceclone.SpaceClone - Defender trying to move left
2015-05-20 22:05:59.727 [LWJGL Application] DEBUG com.dean.spaceclone.SpaceClone - Defender trying to move left
2015-05-20 22:05:59.744 [LWJGL Application] DEBUG com.dean.spaceclone.SpaceClone - Defender trying to move left
2015-05-20 22:05:59.760 [LWJGL Application] DEBUG com.dean.spaceclone.controls.StandardControls - Left key no longer being pressed
2015-05-20 22:05:59.777 [LWJGL Application] DEBUG com.dean.spaceclone.sprites.Bullet - Bullet created at x,y : 393.0,311.0. Speed is : -2.0
2015-05-20 22:05:59.860 [LWJGL Application] DEBUG com.dean.spaceclone.controls.StandardControls - Right key press detected
2015-05-20 22:05:59.860 [LWJGL Application] DEBUG com.dean.spaceclone.sprites.Bullet - Bullet created at x,y : 583.0,349.0. Speed is : -2.0
2015-05-20 22:05:59.860 [LWJGL Application] DEBUG com.dean.spaceclone.SpaceClone - Defender trying to move right
2015-05-20 22:05:59.877 [LWJGL Application] DEBUG com.dean.spaceclone.SpaceClone - Defender trying to move right
2015-05-20 22:05:59.894 [LWJGL Application] DEBUG com.dean.spaceclone.SpaceClone - Defender trying to move right
2015-05-20 22:05:59.910 [LWJGL Application] DEBUG com.dean.spaceclone.SpaceClone - Defender trying to move right
2015-05-20 22:05:59.927 [LWJGL Application] DEBUG com.dean.spaceclone.SpaceClone - Defender trying to move right
2015-05-20 22:05:59.944 [LWJGL Application] DEBUG com.dean.spaceclone.controls.StandardControls - Right key no longer being pressed
2015-05-20 22:05:59.960 [LWJGL Application] DEBUG com.dean.spaceclone.sprites.Bullet - Bullet created at x,y : 493.0,349.0. Speed is : -2.0
2015-05-20 22:05:59.977 [LWJGL Application] DEBUG com.dean.spaceclone.sprites.Bullet - Bullet created at x,y : 516.0,166.0. Speed is : 4.0
2015-05-20 22:05:59.977 [LWJGL Application] DEBUG com.dean.spaceclone.SpaceClone - Defender trying to shoot
2015-05-20 22:06:00.077 [LWJGL Application] DEBUG com.dean.spaceclone.sprites.Bullet - Bullet created at x,y : 516.0,166.0. Speed is : 4.0
2015-05-20 22:06:00.077 [LWJGL Application] DEBUG com.dean.spaceclone.SpaceClone - Defender trying to shoot
2015-05-20 22:06:00.244 [LWJGL Application] DEBUG com.dean.spaceclone.sprites.Bullet - Bullet created at x,y : 517.0,311.0. Speed is : -2.0
2015-05-20 22:06:00.276 [LWJGL Application] DEBUG com.dean.spaceclone.controls.StandardControls - Right key press detected
2015-05-20 22:06:00.276 [LWJGL Application] DEBUG com.dean.spaceclone.SpaceClone - Defender trying to move right
2015-05-20 22:06:00.293 [LWJGL Application] DEBUG com.dean.spaceclone.SpaceClone - Defender trying to move right
2015-05-20 22:06:00.310 [LWJGL Application] DEBUG com.dean.spaceclone.SpaceClone - Defender trying to move right
2015-05-20 22:06:00.327 [LWJGL Application] DEBUG com.dean.spaceclone.SpaceClone - Defender trying to move right
2015-05-20 22:06:00.344 [LWJGL Application] DEBUG com.dean.spaceclone.SpaceClone - Defender trying to move right
2015-05-20 22:06:00.360 [LWJGL Application] DEBUG com.dean.spaceclone.SpaceClone - Defender trying to move right
2015-05-20 22:06:00.377 [LWJGL Application] DEBUG com.dean.spaceclone.controls.StandardControls - Right key no longer being pressed
2015-05-20 22:06:00.610 [LWJGL Application] DEBUG com.dean.spaceclone.sprites.Bullet - Bullet created at x,y : 528.0,166.0. Speed is : 4.0
2015-05-20 22:06:00.610 [LWJGL Application] DEBUG com.dean.spaceclone.SpaceClone - Defender trying to shoot
2015-05-20 22:06:00.910 [LWJGL Application] DEBUG com.dean.spaceclone.controls.StandardControls - Right key press detected
2015-05-20 22:06:00.910 [LWJGL Application] DEBUG com.dean.spaceclone.SpaceClone - Defender trying to move right
2015-05-20 22:06:00.927 [LWJGL Application] DEBUG com.dean.spaceclone.SpaceClone - Defender trying to move right
2015-05-20 22:06:00.944 [LWJGL Application] DEBUG com.dean.spaceclone.SpaceClone - Defender trying to move right
2015-05-20 22:06:00.960 [LWJGL Application] DEBUG com.dean.spaceclone.SpaceClone - Defender trying to move right
2015-05-20 22:06:00.977 [LWJGL Application] DEBUG com.dean.spaceclone.SpaceClone - Defender trying to move right
2015-05-20 22:06:00.994 [LWJGL Application] DEBUG com.dean.spaceclone.controls.StandardControls - Right key no longer being pressed
2015-05-20 22:06:01.160 [LWJGL Application] DEBUG com.dean.spaceclone.controls.StandardControls - Right key press detected
2015-05-20 22:06:01.160 [LWJGL Application] DEBUG com.dean.spaceclone.SpaceClone - Defender trying to move right
2015-05-20 22:06:01.177 [LWJGL Application] DEBUG com.dean.spaceclone.SpaceClone - Defender trying to move right
2015-05-20 22:06:01.194 [LWJGL Application] DEBUG com.dean.spaceclone.SpaceClone - Defender trying to move right
2015-05-20 22:06:01.210 [LWJGL Application] DEBUG com.dean.spaceclone.SpaceClone - Defender trying to move right
2015-05-20 22:06:01.227 [LWJGL Application] DEBUG com.dean.spaceclone.controls.StandardControls - Right key no longer being pressed
2015-05-20 22:06:01.277 [LWJGL Application] DEBUG com.dean.spaceclone.sprites.Bullet - Bullet created at x,y : 546.0,166.0. Speed is : 4.0
2015-05-20 22:06:01.277 [LWJGL Application] DEBUG com.dean.spaceclone.SpaceClone - Defender trying to shoot
2015-05-20 22:06:01.309 [LWJGL Application] DEBUG com.dean.spaceclone.sprites.Bullet - Bullet created at x,y : 480.0,292.0. Speed is : -2.0
2015-05-20 22:06:01.359 [LWJGL Application] DEBUG com.dean.spaceclone.sprites.Bullet - Bullet created at x,y : 442.0,311.0. Speed is : -2.0
2015-05-20 22:06:01.376 [LWJGL Application] DEBUG com.dean.spaceclone.sprites.Bullet - Bullet created at x,y : 546.0,166.0. Speed is : 4.0
2015-05-20 22:06:01.376 [LWJGL Application] DEBUG com.dean.spaceclone.SpaceClone - Defender trying to shoot
2015-05-20 22:06:01.527 [LWJGL Application] DEBUG com.dean.spaceclone.controls.StandardControls - Right key press detected
2015-05-20 22:06:01.527 [LWJGL Application] DEBUG com.dean.spaceclone.SpaceClone - Defender trying to move right
2015-05-20 22:06:01.544 [LWJGL Application] DEBUG com.dean.spaceclone.SpaceClone - Defender trying to move right
2015-05-20 22:06:01.560 [LWJGL Application] DEBUG com.dean.spaceclone.SpaceClone - Defender trying to move right
2015-05-20 22:06:01.576 [LWJGL Application] DEBUG com.dean.spaceclone.SpaceClone - Defender trying to move right
2015-05-20 22:06:01.593 [LWJGL Application] DEBUG com.dean.spaceclone.SpaceClone - Defender trying to move right
2015-05-20 22:06:01.609 [LWJGL Application] DEBUG com.dean.spaceclone.controls.StandardControls - Right key no longer being pressed
2015-05-20 22:06:01.860 [LWJGL Application] DEBUG com.dean.spaceclone.controls.StandardControls - Right key press detected
2015-05-20 22:06:01.860 [LWJGL Application] DEBUG com.dean.spaceclone.SpaceClone - Defender trying to move right
2015-05-20 22:06:01.877 [LWJGL Application] DEBUG com.dean.spaceclone.sprites.Bullet - Bullet created at x,y : 528.0,368.0. Speed is : -2.0
2015-05-20 22:06:01.877 [LWJGL Application] DEBUG com.dean.spaceclone.SpaceClone - Defender trying to move right
2015-05-20 22:06:01.893 [LWJGL Application] DEBUG com.dean.spaceclone.SpaceClone - Defender trying to move right
2015-05-20 22:06:01.909 [LWJGL Application] DEBUG com.dean.spaceclone.SpaceClone - Defender trying to move right
2015-05-20 22:06:01.927 [LWJGL Application] DEBUG com.dean.spaceclone.SpaceClone - Defender trying to move right
2015-05-20 22:06:01.944 [LWJGL Application] DEBUG com.dean.spaceclone.SpaceClone - Defender trying to move right
2015-05-20 22:06:01.960 [LWJGL Application] DEBUG com.dean.spaceclone.SpaceClone - Defender trying to move right
2015-05-20 22:06:01.977 [LWJGL Application] DEBUG com.dean.spaceclone.SpaceClone - Defender trying to move right
2015-05-20 22:06:01.994 [LWJGL Application] DEBUG com.dean.spaceclone.sprites.Bullet - Bullet created at x,y : 452.0,349.0. Speed is : -2.0
2015-05-20 22:06:01.994 [LWJGL Application] DEBUG com.dean.spaceclone.SpaceClone - Defender trying to move right
2015-05-20 22:06:02.010 [LWJGL Application] DEBUG com.dean.spaceclone.SpaceClone - Defender trying to move right
2015-05-20 22:06:02.027 [LWJGL Application] DEBUG com.dean.spaceclone.SpaceClone - Defender trying to move right
2015-05-20 22:06:02.044 [LWJGL Application] DEBUG com.dean.spaceclone.SpaceClone - Defender trying to move right
2015-05-20 22:06:02.060 [LWJGL Application] DEBUG com.dean.spaceclone.SpaceClone - Defender trying to move right
2015-05-20 22:06:02.076 [LWJGL Application] DEBUG com.dean.spaceclone.SpaceClone - Defender trying to move right
2015-05-20 22:06:02.093 [LWJGL Application] DEBUG com.dean.spaceclone.SpaceClone - Defender trying to move right
2015-05-20 22:06:02.109 [LWJGL Application] DEBUG com.dean.spaceclone.SpaceClone - Defender trying to move right
2015-05-20 22:06:02.127 [LWJGL Application] DEBUG com.dean.spaceclone.SpaceClone - Defender trying to move right
2015-05-20 22:06:02.144 [LWJGL Application] DEBUG com.dean.spaceclone.SpaceClone - Defender trying to move right
2015-05-20 22:06:02.160 [LWJGL Application] DEBUG com.dean.spaceclone.SpaceClone - Defender trying to move right
2015-05-20 22:06:02.177 [LWJGL Application] DEBUG com.dean.spaceclone.SpaceClone - Defender trying to move right
2015-05-20 22:06:02.194 [LWJGL Application] DEBUG com.dean.spaceclone.SpaceClone - Defender trying to move right
2015-05-20 22:06:02.210 [LWJGL Application] DEBUG com.dean.spaceclone.SpaceClone - Defender trying to move right
2015-05-20 22:06:02.226 [LWJGL Application] DEBUG com.dean.spaceclone.SpaceClone - Defender trying to move right
2015-05-20 22:06:02.243 [LWJGL Application] DEBUG com.dean.spaceclone.sprites.Bullet - Bullet created at x,y : 457.0,292.0. Speed is : -2.0
2015-05-20 22:06:02.243 [LWJGL Application] DEBUG com.dean.spaceclone.SpaceClone - Defender trying to move right
2015-05-20 22:06:02.260 [LWJGL Application] DEBUG com.dean.spaceclone.SpaceClone - Defender trying to move right
2015-05-20 22:06:02.277 [LWJGL Application] DEBUG com.dean.spaceclone.SpaceClone - Defender trying to move right
2015-05-20 22:06:02.294 [LWJGL Application] DEBUG com.dean.spaceclone.SpaceClone - Defender trying to move right
2015-05-20 22:06:02.310 [LWJGL Application] DEBUG com.dean.spaceclone.SpaceClone - Defender trying to move right
2015-05-20 22:06:02.327 [LWJGL Application] DEBUG com.dean.spaceclone.SpaceClone - Defender trying to move right
2015-05-20 22:06:02.344 [LWJGL Application] DEBUG com.dean.spaceclone.controls.StandardControls - Right key no longer being pressed
2015-05-20 22:06:02.360 [LWJGL Application] DEBUG com.dean.spaceclone.sprites.Bullet - Bullet created at x,y : 614.0,166.0. Speed is : 4.0
2015-05-20 22:06:02.360 [LWJGL Application] DEBUG com.dean.spaceclone.SpaceClone - Defender trying to shoot
2015-05-20 22:06:02.459 [LWJGL Application] DEBUG com.dean.spaceclone.sprites.Bullet - Bullet created at x,y : 614.0,166.0. Speed is : 4.0
2015-05-20 22:06:02.459 [LWJGL Application] DEBUG com.dean.spaceclone.SpaceClone - Defender trying to shoot
2015-05-20 22:06:02.594 [LWJGL Application] DEBUG com.dean.spaceclone.controls.StandardControls - Right key press detected
2015-05-20 22:06:02.594 [LWJGL Application] DEBUG com.dean.spaceclone.SpaceClone - Defender trying to move right
2015-05-20 22:06:02.610 [LWJGL Application] DEBUG com.dean.spaceclone.SpaceClone - Defender trying to move right
2015-05-20 22:06:02.627 [LWJGL Application] DEBUG com.dean.spaceclone.SpaceClone - Defender trying to move right
2015-05-20 22:06:02.644 [LWJGL Application] DEBUG com.dean.spaceclone.SpaceClone - Defender trying to move right
2015-05-20 22:06:02.660 [LWJGL Application] DEBUG com.dean.spaceclone.SpaceClone - Defender trying to move right
2015-05-20 22:06:02.677 [LWJGL Application] DEBUG com.dean.spaceclone.SpaceClone - Defender trying to move right
2015-05-20 22:06:02.694 [LWJGL Application] DEBUG com.dean.spaceclone.controls.StandardControls - Right key no longer being pressed
2015-05-20 22:06:02.776 [LWJGL Application] DEBUG com.dean.spaceclone.sprites.Bullet - Bullet created at x,y : 448.0,292.0. Speed is : -2.0
2015-05-20 22:06:02.776 [LWJGL Application] DEBUG com.dean.spaceclone.sprites.Bullet - Bullet created at x,y : 626.0,166.0. Speed is : 4.0
2015-05-20 22:06:02.776 [LWJGL Application] DEBUG com.dean.spaceclone.SpaceClone - Defender trying to shoot
2015-05-20 22:06:02.794 [LWJGL Application] DEBUG com.dean.spaceclone.sprites.Bullet - Bullet created at x,y : 524.0,368.0. Speed is : -2.0
2015-05-20 22:06:03.260 [LWJGL Application] DEBUG com.dean.spaceclone.controls.StandardControls - Right key press detected
2015-05-20 22:06:03.260 [LWJGL Application] DEBUG com.dean.spaceclone.SpaceClone - Defender trying to move right
2015-05-20 22:06:03.277 [LWJGL Application] DEBUG com.dean.spaceclone.SpaceClone - Defender trying to move right
2015-05-20 22:06:03.294 [LWJGL Application] DEBUG com.dean.spaceclone.SpaceClone - Defender trying to move right
2015-05-20 22:06:03.310 [LWJGL Application] DEBUG com.dean.spaceclone.SpaceClone - Defender trying to move right
2015-05-20 22:06:03.327 [LWJGL Application] DEBUG com.dean.spaceclone.SpaceClone - Defender trying to move right
2015-05-20 22:06:03.344 [LWJGL Application] DEBUG com.dean.spaceclone.controls.StandardControls - Right key no longer being pressed
2015-05-20 22:06:03.444 [LWJGL Application] DEBUG com.dean.spaceclone.sprites.Bullet - Bullet created at x,y : 636.0,166.0. Speed is : 4.0
2015-05-20 22:06:03.444 [LWJGL Application] DEBUG com.dean.spaceclone.SpaceClone - Defender trying to shoot
2015-05-20 22:06:03.643 [LWJGL Application] DEBUG com.dean.spaceclone.controls.StandardControls - Right key press detected
2015-05-20 22:06:03.643 [LWJGL Application] DEBUG com.dean.spaceclone.SpaceClone - Defender trying to move right
2015-05-20 22:06:03.659 [LWJGL Application] DEBUG com.dean.spaceclone.SpaceClone - Defender trying to move right
2015-05-20 22:06:03.677 [LWJGL Application] DEBUG com.dean.spaceclone.SpaceClone - Defender trying to move right
2015-05-20 22:06:03.694 [LWJGL Application] DEBUG com.dean.spaceclone.SpaceClone - Defender trying to move right
2015-05-20 22:06:03.710 [LWJGL Application] DEBUG com.dean.spaceclone.SpaceClone - Defender trying to move right
2015-05-20 22:06:03.727 [LWJGL Application] DEBUG com.dean.spaceclone.SpaceClone - Defender trying to move right
2015-05-20 22:06:03.744 [LWJGL Application] DEBUG com.dean.spaceclone.controls.StandardControls - Right key no longer being pressed
2015-05-20 22:06:03.794 [LWJGL Application] DEBUG com.dean.spaceclone.sprites.Bullet - Bullet created at x,y : 601.0,368.0. Speed is : -2.0
2015-05-20 22:06:03.860 [LWJGL Application] DEBUG com.dean.spaceclone.sprites.Bullet - Bullet created at x,y : 648.0,166.0. Speed is : 4.0
2015-05-20 22:06:03.860 [LWJGL Application] DEBUG com.dean.spaceclone.SpaceClone - Defender trying to shoot
2015-05-20 22:06:04.110 [LWJGL Application] DEBUG com.dean.spaceclone.controls.StandardControls - Left key press detected
2015-05-20 22:06:04.110 [LWJGL Application] DEBUG com.dean.spaceclone.SpaceClone - Defender trying to move left
2015-05-20 22:06:04.127 [LWJGL Application] DEBUG com.dean.spaceclone.SpaceClone - Defender trying to move left
2015-05-20 22:06:04.144 [LWJGL Application] DEBUG com.dean.spaceclone.SpaceClone - Defender trying to move left
2015-05-20 22:06:04.160 [LWJGL Application] DEBUG com.dean.spaceclone.controls.StandardControls - Left key no longer being pressed
2015-05-20 22:06:04.344 [LWJGL Application] DEBUG com.dean.spaceclone.controls.StandardControls - Unhandled key press detected
2015-05-20 22:06:04.443 [LWJGL Application] DEBUG com.dean.spaceclone.controls.StandardControls - Unhandled key press detected
2015-05-20 22:06:04.561 [LWJGL Application] DEBUG com.dean.spaceclone.controls.StandardControls - Unhandled key no longer being pressed
2015-05-20 22:06:04.577 [LWJGL Application] DEBUG com.dean.spaceclone.controls.StandardControls - Unhandled key no longer being pressed
2015-05-20 22:06:04.876 [LWJGL Application] DEBUG com.dean.spaceclone.SpaceClone - Invaders just moved down. Increasing speed per sec from 0.2482639 to 0.22916667 per second.
